<?xml version="1.0" encoding="UTF-8"?>
<!-- Generated by org.testng.reporters.JUnitReportReporter -->
<testsuite hostname="Jayanths-MBP" failures="0" tests="1" name="com.rentalcover.test.HomePageTest" time="31.170" errors="0" timestamp="2022-10-19T08:10:39 AEDT" skipped="0">
  <testcase classname="com.rentalcover.test.HomePageTest" name="getAnInstantQuote" time="31.170"/>
  <system-out/>
</testsuite> <!-- com.rentalcover.test.HomePageTest -->
